<?xml version="1.0" encoding="UTF-8"?>
<!-- Generated by org.testng.reporters.JUnitXMLReporter -->
<testsuite ignored="0" hostname="CEQ-ICT-LT-101" failures="0" tests="9" name="Surefire test" time="28.895" errors="0" timestamp="2023-04-06T12:30:30 IST">
  <testcase classname="com.test2.demoTest" name="end" time="0.005"/>
  <testcase classname="com.test2.demoTest" name="process" time="0.001"/>
  <testcase classname="com.test2.demoTest" name="start" time="0.0"/>
  <testcase classname="com.test2.JavaAppTest" name="setUp" time="7.194"/>
  <testcase classname="com.test2.JavaAppTest" name="registerMethod" time="0.831"/>
  <testcase classname="com.test2.JavaAppTest" name="fillForm" time="6.547"/>
  <testcase classname="com.test2.JavaAppTest" name="signIn" time="6.301"/>
  <testcase classname="com.test2.JavaAppTest" name="teardown" time="4.203"/>
  <testcase classname="com.test2.TitleTest" name="checkTitle" time="0.015"/>
</testsuite> <!-- Surefire test -->
