<?xml version="1.0" encoding="UTF-8"?>
<testng-results ignored="0" total="9" passed="9" failed="0" skipped="0">
  <reporter-output>
  </reporter-output>
  <suite started-at="2023-04-06T12:30:01 IST" name="Surefire suite" finished-at="2023-04-06T12:30:30 IST" duration-ms="28895">
    <groups>
      <group name="TestGroup">
        <method signature="demoTest.end()[pri:0, instance:com.test2.demoTest@4b168fa9]" name="end" class="com.test2.demoTest"/>
        <method signature="demoTest.process()[pri:0, instance:com.test2.demoTest@4b168fa9]" name="process" class="com.test2.demoTest"/>
      </group> <!-- TestGroup -->
    </groups>
    <test started-at="2023-04-06T12:30:01 IST" name="Surefire test" finished-at="2023-04-06T12:30:30 IST" duration-ms="28895">
      <class name="com.test2.TitleTest">
        <test-method is-config="true" signature="setup()[pri:0, instance:com.test2.TitleTest@78b729e6]" started-at="2023-04-06T12:30:26 IST" name="setup" finished-at="2023-04-06T12:30:30 IST" duration-ms="3574" status="PASS">
          <reporter-output>
          </reporter-output>
        </test-method> <!-- setup -->
        <test-method signature="checkTitle()[pri:1, instance:com.test2.TitleTest@78b729e6]" started-at="2023-04-06T12:30:30 IST" name="checkTitle" finished-at="2023-04-06T12:30:30 IST" duration-ms="15" status="PASS">
          <reporter-output>
          </reporter-output>
        </test-method> <!-- checkTitle -->
        <test-method is-config="true" signature="teardown()[pri:0, instance:com.test2.TitleTest@78b729e6]" started-at="2023-04-06T12:30:30 IST" name="teardown" finished-at="2023-04-06T12:30:30 IST" duration-ms="154" status="PASS">
          <reporter-output>
          </reporter-output>
        </test-method> <!-- teardown -->
      </class> <!-- com.test2.TitleTest -->
      <class name="com.test2.JavaAppTest">
        <test-method signature="setUp()[pri:0, instance:com.test2.JavaAppTest@6f3b5d16]" started-at="2023-04-06T12:30:01 IST" name="setUp" finished-at="2023-04-06T12:30:08 IST" duration-ms="7194" status="PASS">
          <reporter-output>
          </reporter-output>
        </test-method> <!-- setUp -->
        <test-method signature="registerMethod()[pri:0, instance:com.test2.JavaAppTest@6f3b5d16]" started-at="2023-04-06T12:30:08 IST" name="registerMethod" finished-at="2023-04-06T12:30:09 IST" depends-on-methods="com.test2.JavaAppTest.setUp" duration-ms="831" status="PASS">
          <reporter-output>
          </reporter-output>
        </test-method> <!-- registerMethod -->
        <test-method signature="fillForm()[pri:0, instance:com.test2.JavaAppTest@6f3b5d16]" started-at="2023-04-06T12:30:09 IST" name="fillForm" finished-at="2023-04-06T12:30:16 IST" depends-on-methods="com.test2.JavaAppTest.registerMethod" duration-ms="6547" status="PASS">
          <reporter-output>
          </reporter-output>
        </test-method> <!-- fillForm -->
        <test-method signature="signIn()[pri:0, instance:com.test2.JavaAppTest@6f3b5d16]" started-at="2023-04-06T12:30:16 IST" name="signIn" finished-at="2023-04-06T12:30:22 IST" depends-on-methods="com.test2.JavaAppTest.fillForm" duration-ms="6301" status="PASS">
          <reporter-output>
          </reporter-output>
        </test-method> <!-- signIn -->
        <test-method signature="teardown()[pri:0, instance:com.test2.JavaAppTest@6f3b5d16]" started-at="2023-04-06T12:30:22 IST" name="teardown" finished-at="2023-04-06T12:30:26 IST" depends-on-methods="com.test2.JavaAppTest.fillForm" duration-ms="4203" status="PASS">
          <reporter-output>
          </reporter-output>
        </test-method> <!-- teardown -->
      </class> <!-- com.test2.JavaAppTest -->
      <class name="com.test2.demoTest">
        <test-method signature="end()[pri:0, instance:com.test2.demoTest@4b168fa9]" started-at="2023-04-06T12:30:01 IST" name="end" finished-at="2023-04-06T12:30:01 IST" duration-ms="5" status="PASS">
          <reporter-output>
          </reporter-output>
        </test-method> <!-- end -->
        <test-method signature="process()[pri:0, instance:com.test2.demoTest@4b168fa9]" started-at="2023-04-06T12:30:01 IST" name="process" finished-at="2023-04-06T12:30:01 IST" duration-ms="1" status="PASS">
          <reporter-output>
          </reporter-output>
        </test-method> <!-- process -->
        <test-method signature="start()[pri:0, instance:com.test2.demoTest@4b168fa9]" started-at="2023-04-06T12:30:01 IST" name="start" finished-at="2023-04-06T12:30:01 IST" duration-ms="0" status="PASS">
          <reporter-output>
          </reporter-output>
        </test-method> <!-- start -->
      </class> <!-- com.test2.demoTest -->
    </test> <!-- Surefire test -->
  </suite> <!-- Surefire suite -->
</testng-results>
