<?xml version="1.0" encoding="UTF-8"?>
<testsuite name="TestNGTest-c0e98287-90f3-46dd-9d16-fd57f969186a"
           tests="5"
           failures="0"
           errors="0"
           skipped="0"
           time="19.721">
    <properties></properties>



            <testcase
                name="setUp"
                time="2.966"
                classname="com.test2.JavaAppTest">
            </testcase>
            <testcase
                name="signIn"
                time="5.967"
                classname="com.test2.JavaAppTest">
            </testcase>
            <testcase
                name="teardown"
                time="4.265"
                classname="com.test2.JavaAppTest">
            </testcase>
            <testcase
                name="fillForm"
                time="5.817"
                classname="com.test2.JavaAppTest">
            </testcase>
            <testcase
                name="registerMethod"
                time="0.706"
                classname="com.test2.JavaAppTest">
            </testcase>
</testsuite>
