<?xml version="1.0" encoding="UTF-8"?>
<testsuite name="Surefire test"
           tests="5"
           failures="0"
           errors="0"
           skipped="0"
           time="25.076">
    <properties></properties>



            <testcase
                name="registerMethod"
                time="0.831"
                classname="com.test2.JavaAppTest">
            </testcase>
            <testcase
                name="signIn"
                time="6.301"
                classname="com.test2.JavaAppTest">
            </testcase>
            <testcase
                name="fillForm"
                time="6.547"
                classname="com.test2.JavaAppTest">
            </testcase>
            <testcase
                name="teardown"
                time="4.203"
                classname="com.test2.JavaAppTest">
            </testcase>
            <testcase
                name="setUp"
                time="7.194"
                classname="com.test2.JavaAppTest">
            </testcase>
</testsuite>
